<?xml version="1.0" encoding="UTF-8"?>
<!-- Generated by org.testng.reporters.JUnitReportReporter -->
<testsuite hostname="dell-PC" name="sampleTest.Salesforce" tests="1" failures="0" timestamp="4 Mar 2017 05:38:59 GMT" time="35.686" errors="0">
  <testcase name="testnow" time="35.686" classname="sampleTest.Salesforce"/>
</testsuite> <!-- sampleTest.Salesforce -->
