<?xml version="1.0" encoding="UTF-8"?>
<!-- Generated by org.testng.reporters.JUnitReportReporter -->
<testsuite hostname="dell-PC" name="sampleTest.SpectrumOrder" tests="1" failures="0" timestamp="24 Feb 2017 15:53:18 GMT" time="135.977" errors="0">
  <testcase name="atTest" time="135.977" classname="sampleTest.SpectrumOrder"/>
</testsuite> <!-- sampleTest.SpectrumOrder -->
