<?xml version="1.0" encoding="UTF-8"?>
<!-- Generated by org.testng.reporters.JUnitReportReporter -->
<testsuite hostname="dell-PC" name="sampleTest.Chartercomm" tests="1" failures="0" timestamp="19 Feb 2017 11:14:16 GMT" time="16.489" errors="0">
  <testcase name="test" time="16.489" classname="sampleTest.Chartercomm"/>
</testsuite> <!-- sampleTest.Chartercomm -->
