<?xml version="1.0" encoding="UTF-8"?>
<!-- Generated by org.testng.reporters.JUnitReportReporter -->
<testsuite hostname="dell-PC" name="sampleTest.Americansport" tests="1" failures="0" timestamp="25 Feb 2017 10:26:54 GMT" time="36.755" errors="0">
  <testcase name="test" time="36.755" classname="sampleTest.Americansport"/>
</testsuite> <!-- sampleTest.Americansport -->
