<?xml version="1.0" encoding="UTF-8"?>
<!-- Generated by org.testng.reporters.JUnitReportReporter -->
<testsuite hostname="dell-PC" name="sampleTest.ActionclassDemo" tests="1" failures="0" timestamp="10 Mar 2017 19:19:00 GMT" time="40.816" errors="0">
  <testcase name="testnow" time="40.816" classname="sampleTest.ActionclassDemo"/>
</testsuite> <!-- sampleTest.ActionclassDemo -->
