<?xml version="1.0" encoding="UTF-8"?>
<!-- Generated by org.testng.reporters.JUnitReportReporter -->
<testsuite hostname="dell-PC" name="guru99practice.testngLogin" tests="1" failures="0" timestamp="10 Mar 2017 20:09:38 GMT" time="0.044" errors="0">
  <testcase name="test" time="0.044" classname="guru99practice.testngLogin"/>
</testsuite> <!-- guru99practice.testngLogin -->
