<?xml version="1.0" encoding="UTF-8"?>
<!-- Generated by org.testng.reporters.JUnitReportReporter -->
<testsuite hostname="dell-PC" name="sampleTest.TestngAnnotationpractice" tests="2" failures="0" timestamp="5 Mar 2017 09:50:40 GMT" time="0.020" errors="0">
  <testcase name="testCase2" time="0.005" classname="sampleTest.TestngAnnotationpractice"/>
  <testcase name="testCase1" time="0.015" classname="sampleTest.TestngAnnotationpractice"/>
</testsuite> <!-- sampleTest.TestngAnnotationpractice -->
