<?xml version="1.0" encoding="UTF-8"?>
<!-- Generated by org.testng.reporters.JUnitReportReporter -->
<testsuite hostname="dell-PC" name="sampleTest.SpectrumAssignment" tests="1" failures="0" timestamp="24 Feb 2017 15:58:55 GMT" time="129.879" errors="0">
  <testcase name="test" time="129.879" classname="sampleTest.SpectrumAssignment"/>
</testsuite> <!-- sampleTest.SpectrumAssignment -->
