<?xml version="1.0" encoding="UTF-8"?>
<!-- Generated by org.testng.reporters.JUnitReportReporter -->
<testsuite hostname="dell-PC" name="sampleTest.Americansporttestng" tests="1" failures="0" timestamp="25 Feb 2017 10:42:07 GMT" time="41.866" errors="0">
  <testcase name="test" time="41.866" classname="sampleTest.Americansporttestng"/>
</testsuite> <!-- sampleTest.Americansporttestng -->
