<?xml version="1.0" encoding="UTF-8"?>
<!-- Generated by org.testng.reporters.JUnitReportReporter -->
<testsuite hostname="dell-PC" name="Testngcovertmethod.Testcase2" tests="1" failures="0" timestamp="12 Mar 2017 10:24:41 GMT" time="6.525" errors="0">
  <testcase name="openGoogle" time="6.525" classname="Testngcovertmethod.Testcase2"/>
</testsuite> <!-- Testngcovertmethod.Testcase2 -->
