<?xml version="1.0" encoding="UTF-8"?>
<!-- Generated by org.testng.reporters.JUnitReportReporter -->
<testsuite hostname="dell-PC" name="Testngcovertmethod.Testcase1" tests="1" failures="0" timestamp="12 Mar 2017 10:24:41 GMT" time="8.112" errors="0">
  <testcase name="openGoogle" time="8.112" classname="Testngcovertmethod.Testcase1"/>
</testsuite> <!-- Testngcovertmethod.Testcase1 -->
