<?xml version="1.0" encoding="UTF-8"?>
<!-- Generated by org.testng.reporters.JUnitReportReporter -->
<testsuite hostname="dell-PC" name="testNgSuite.Youtube" tests="1" failures="0" timestamp="9 Apr 2017 09:04:48 GMT" time="7.742" errors="0">
  <testcase name="openGoogle" time="7.742" classname="testNgSuite.Youtube"/>
</testsuite> <!-- testNgSuite.Youtube -->
