<?xml version="1.0" encoding="UTF-8"?>
<!-- Generated by org.testng.reporters.JUnitReportReporter -->
<testsuite hostname="dell-PC" name="sampleTest.Myntra" tests="1" failures="0" timestamp="25 Feb 2017 08:46:23 GMT" time="15.268" errors="0">
  <testcase name="test" time="15.268" classname="sampleTest.Myntra"/>
</testsuite> <!-- sampleTest.Myntra -->
