<?xml version="1.0" encoding="UTF-8"?>
<!-- Generated by org.testng.reporters.JUnitReportReporter -->
<testsuite hostname="dell-PC" name="sampleTest.Myntraweb" tests="1" failures="0" timestamp="4 Mar 2017 04:51:05 GMT" time="27.638" errors="0">
  <testcase name="test" time="27.638" classname="sampleTest.Myntraweb"/>
</testsuite> <!-- sampleTest.Myntraweb -->
