<?xml version="1.0" encoding="UTF-8"?>
<!-- Generated by org.testng.reporters.JUnitReportReporter -->
<testsuite hostname="dell-PC" name="testNgSuite.BrowserOpen" tests="1" failures="0" timestamp="12 Mar 2017 08:51:40 GMT" time="0.016" errors="0">
  <testcase name="test" time="0.016" classname="testNgSuite.BrowserOpen"/>
</testsuite> <!-- testNgSuite.BrowserOpen -->
