<?xml version="1.0" encoding="UTF-8"?>
<!-- Generated by org.testng.reporters.JUnitReportReporter -->
<testsuite hostname="dell-PC" name="guru99practice.Logindemo" tests="1" failures="0" timestamp="26 Feb 2017 12:39:23 GMT" time="5.863" errors="0">
  <testcase name="test" time="5.863" classname="guru99practice.Logindemo"/>
</testsuite> <!-- guru99practice.Logindemo -->
