<?xml version="1.0" encoding="UTF-8"?>
<!-- Generated by org.testng.reporters.JUnitReportReporter -->
<testsuite hostname="dell-PC" name="sampleTest.ActionFBwebsite" tests="1" failures="0" timestamp="9 Mar 2017 19:15:25 GMT" time="3.225" errors="0">
  <testcase name="testaction" time="3.225" classname="sampleTest.ActionFBwebsite"/>
</testsuite> <!-- sampleTest.ActionFBwebsite -->
